2021-12-11 01:56:02,369 - logger - INFO - Getting all jobs
2021-12-11 01:56:06,526 - logger - INFO - Getting all jobs
2021-12-11 01:56:08,869 - logger - INFO - Getting all jobs
2021-12-11 01:56:12,654 - logger - INFO - Getting all jobs
2021-12-11 02:02:45,275 - logger - INFO - Getting all jobs
2021-12-11 02:02:45,275 - logger - INFO - Getting all jobs
2021-12-11 02:02:48,397 - logger - INFO - Getting all jobs
2021-12-11 02:02:48,397 - logger - INFO - Getting all jobs
2021-12-11 02:02:50,345 - logger - INFO - Getting all jobs
2021-12-11 02:02:50,345 - logger - INFO - Getting all jobs
2021-12-11 02:03:22,168 - logger - INFO - Getting all jobs
2021-12-11 02:03:22,168 - logger - INFO - Getting all jobs
2021-12-11 18:03:58,817 - logger - INFO - Getting all jobs
2021-12-11 18:03:58,817 - logger - INFO - Getting all jobs
2021-12-11 18:09:32,995 - basicLogger - DEBUG - Getting all jobs
2021-12-11 19:47:02,497 - basicLogger - DEBUG - Getting all jobs
2021-12-11 19:48:32,603 - basicLogger - DEBUG - Getting all jobs
2021-12-11 19:59:10,727 - basicLogger - DEBUG - Creating new job
2021-12-11 20:04:00,277 - basicLogger - DEBUG - Creating new job
2021-12-11 20:04:14,849 - basicLogger - DEBUG - Creating new job
2021-12-11 20:04:14,867 - basicLogger - DEBUG - Created new job application
2021-12-11 20:04:35,751 - basicLogger - DEBUG - Creating new job
2021-12-11 20:04:35,760 - basicLogger - DEBUG - Created new job application
2021-12-11 20:12:32,884 - basicLogger - DEBUG - Getting all jobs
2021-12-11 20:12:57,969 - basicLogger - DEBUG - Getting all jobs
2021-12-11 20:13:32,368 - basicLogger - DEBUG - Getting all jobs
2021-12-11 20:15:19,190 - basicLogger - DEBUG - Getting all jobs
2021-12-11 20:15:57,163 - basicLogger - DEBUG - Getting all jobs
2021-12-11 20:21:19,632 - basicLogger - DEBUG - Getting all jobs
2021-12-11 20:21:27,740 - basicLogger - DEBUG - Getting all jobs
2021-12-11 20:22:12,837 - basicLogger - DEBUG - Getting all jobs
2021-12-11 21:48:30,994 - basicLogger - DEBUG - Getting all jobs
2021-12-11 21:53:51,774 - basicLogger - DEBUG - Getting all jobs
2021-12-11 21:54:09,402 - basicLogger - DEBUG - Getting all jobs
2021-12-11 21:57:02,625 - basicLogger - DEBUG - Getting all jobs
2021-12-11 21:57:02,633 - basicLogger - DEBUG - Creating new job
2021-12-11 21:57:02,649 - basicLogger - DEBUG - Created new job application
2021-12-11 21:57:12,484 - basicLogger - DEBUG - Getting all jobs
2021-12-11 21:57:12,491 - basicLogger - DEBUG - Creating new job
2021-12-11 21:57:12,506 - basicLogger - DEBUG - Created new job application
2021-12-11 22:00:39,523 - basicLogger - DEBUG - Getting all jobs
2021-12-11 22:00:39,531 - basicLogger - DEBUG - Creating new job
2021-12-11 22:00:39,545 - basicLogger - DEBUG - Created new job application
2021-12-11 22:02:52,642 - basicLogger - DEBUG - Getting all jobs
2021-12-11 22:02:52,649 - basicLogger - DEBUG - Creating new job
2021-12-11 22:02:52,660 - basicLogger - DEBUG - Created new job application
2021-12-11 22:03:42,442 - basicLogger - DEBUG - Getting all jobs
2021-12-11 22:03:42,453 - basicLogger - DEBUG - Creating new job
2021-12-11 22:03:42,468 - basicLogger - DEBUG - Created new job application
2021-12-11 22:04:25,379 - basicLogger - DEBUG - Getting all jobs
2021-12-11 22:04:25,388 - basicLogger - DEBUG - Creating new job
2021-12-11 22:04:25,402 - basicLogger - DEBUG - Created new job application
2021-12-11 22:06:50,379 - basicLogger - DEBUG - Getting all jobs
2021-12-11 22:06:50,385 - basicLogger - DEBUG - Creating new job
2021-12-11 22:06:50,400 - basicLogger - DEBUG - Created new job application
2021-12-11 22:06:57,177 - basicLogger - DEBUG - Getting all jobs
2021-12-11 22:06:57,186 - basicLogger - DEBUG - Creating new job
2021-12-11 22:06:57,201 - basicLogger - DEBUG - Created new job application
2021-12-11 22:08:07,508 - basicLogger - DEBUG - Getting all jobs
2021-12-11 22:08:07,515 - basicLogger - DEBUG - Creating new job
2021-12-11 22:08:07,530 - basicLogger - DEBUG - Created new job application
2021-12-11 22:11:58,132 - basicLogger - DEBUG - Getting all jobs
2021-12-11 22:11:58,138 - basicLogger - DEBUG - Creating new job
2021-12-11 22:11:58,158 - basicLogger - DEBUG - Created new job application
2021-12-11 22:12:14,100 - basicLogger - DEBUG - Getting all jobs
2021-12-11 22:12:14,107 - basicLogger - DEBUG - Creating new job
2021-12-11 22:12:14,121 - basicLogger - DEBUG - Created new job application
2021-12-11 22:13:43,631 - basicLogger - DEBUG - Getting all jobs
2021-12-11 22:13:43,638 - basicLogger - DEBUG - Creating new job
2021-12-11 22:13:43,652 - basicLogger - DEBUG - Created new job application
2021-12-11 22:14:14,022 - basicLogger - DEBUG - Getting all jobs
2021-12-11 22:14:14,028 - basicLogger - DEBUG - Creating new job
2021-12-11 22:14:14,043 - basicLogger - DEBUG - Created new job application
2021-12-11 22:14:18,717 - basicLogger - DEBUG - Getting all jobs
2021-12-11 22:14:18,729 - basicLogger - DEBUG - Creating new job
2021-12-11 22:14:18,740 - basicLogger - DEBUG - Created new job application
2021-12-11 22:14:26,526 - basicLogger - DEBUG - Getting all jobs
2021-12-11 22:14:26,534 - basicLogger - DEBUG - Creating new job
2021-12-11 22:14:26,550 - basicLogger - DEBUG - Created new job application
2021-12-11 22:14:52,310 - basicLogger - DEBUG - Getting all jobs
2021-12-11 22:14:52,322 - basicLogger - DEBUG - Creating new job
2021-12-11 22:14:52,340 - basicLogger - DEBUG - Created new job application
2021-12-11 22:18:59,858 - basicLogger - DEBUG - Getting all jobs
2021-12-11 22:18:59,865 - basicLogger - DEBUG - Creating new job
2021-12-11 22:18:59,880 - basicLogger - DEBUG - Created new job application
2021-12-11 22:18:59,884 - basicLogger - DEBUG - Creating new job
2021-12-11 22:18:59,893 - basicLogger - DEBUG - Created new job application
2021-12-11 23:10:42,282 - basicLogger - DEBUG - Getting all jobs
2021-12-11 23:10:42,292 - basicLogger - DEBUG - Creating new job
2021-12-11 23:10:42,309 - basicLogger - DEBUG - Created new job application
2021-12-11 23:10:42,315 - basicLogger - DEBUG - Creating new job
2021-12-11 23:10:42,323 - basicLogger - DEBUG - Created new job application
2021-12-12 17:41:23,600 - basicLogger - DEBUG - Getting all jobs
2021-12-12 17:41:23,606 - basicLogger - DEBUG - Creating new job
2021-12-12 17:41:23,621 - basicLogger - DEBUG - Created new job application
2021-12-12 17:41:23,625 - basicLogger - DEBUG - Creating new job
2021-12-12 17:41:23,633 - basicLogger - DEBUG - Created new job application
2021-12-12 18:19:49,562 - basicLogger - DEBUG - Getting all jobs
2021-12-12 18:19:49,568 - basicLogger - DEBUG - Creating new job
2021-12-12 18:19:49,578 - basicLogger - DEBUG - Created new job application with id A1
2021-12-12 18:19:49,580 - basicLogger - DEBUG - Creating new job
2021-12-12 18:19:49,586 - basicLogger - DEBUG - Created new job application with id A1
2021-12-19 12:26:14,674 - basicLogger - DEBUG - Getting all jobs
2021-12-19 13:56:20,402 - basicLogger - DEBUG - Getting all jobs
2021-12-19 13:56:20,429 - basicLogger - DEBUG - Creating new job
2021-12-19 13:56:20,443 - basicLogger - DEBUG - Created new job application with id A1
2021-12-19 13:56:20,449 - basicLogger - DEBUG - Creating new job
2021-12-19 13:56:20,456 - basicLogger - DEBUG - Created new job application with id A1
